# JRE version: OpenJDK Runtime Environment (11.0.11+9) (build 11.0.11+9-b60-7590822)
# Java VM: OpenJDK 64-Bit Server VM (11.0.11+9-b60-7590822, mixed mode, tiered, compressed oops, g1 gc, windows-amd64)
Heap:
 garbage-first heap   total 206848K, used 170838K [0x0000000080000000, 0x0000000100000000)
  region size 1024K, 27 young (27648K), 1 survivors (1024K)
 Metaspace       used 147790K, capacity 151951K, committed 152012K, reserved 1181696K
  class space    used 18414K, capacity 19961K, committed 19968K, reserved 1048576K
GC Heap History (20 events):
Event: 2569.432 GC heap before
{Heap before GC invocations=135 (full 0):
 garbage-first heap   total 206848K, used 128367K [0x0000000080000000, 0x0000000100000000)
  region size 1024K, 10 young (10240K), 1 survivors (1024K)
 Metaspace       used 129655K, capacity 133388K, committed 133964K, reserved 1165312K
  class space    used 16294K, capacity 17641K, committed 17792K, reserved 1048576K
}
Event: 2569.466 GC heap after
{Heap after GC invocations=136 (full 0):
 garbage-first heap   total 206848K, used 119865K [0x0000000080000000, 0x0000000100000000)
  region size 1024K, 2 young (2048K), 2 survivors (2048K)
 Metaspace       used 129655K, capacity 133388K, committed 133964K, reserved 1165312K
  class space    used 16294K, capacity 17641K, committed 17792K, reserved 1048576K
}
Event: 2570.699 GC heap before
{Heap before GC invocations=136 (full 0):
 garbage-first heap   total 206848K, used 161849K [0x0000000080000000, 0x0000000100000000)
  region size 1024K, 43 young (44032K), 2 survivors (2048K)
 Metaspace       used 132105K, capacity 136073K, committed 136268K, reserved 1167360K
  class space    used 16556K, capacity 17976K, committed 18048K, reserved 1048576K
}
Event: 2570.710 GC heap after
{Heap after GC invocations=137 (full 0):
 garbage-first heap   total 206848K, used 122457K [0x0000000080000000, 0x0000000100000000)
  region size 1024K, 4 young (4096K), 4 survivors (4096K)
 Metaspace       used 132105K, capacity 136073K, committed 136268K, reserved 1167360K
  class space    used 16556K, capacity 17976K, committed 18048K, reserved 1048576K
}
Event: 2574.980 GC heap before
{Heap before GC invocations=138 (full 0):
 garbage-first heap   total 206848K, used 173657K [0x0000000080000000, 0x0000000100000000)
  region size 1024K, 46 young (47104K), 4 survivors (4096K)
 Metaspace       used 134145K, capacity 138091K, committed 138444K, reserved 1169408K
  class space    used 16858K, capacity 18327K, committed 18432K, reserved 1048576K
}
Event: 2575.020 GC heap after
{Heap after GC invocations=139 (full 0):
 garbage-first heap   total 206848K, used 138164K [0x0000000080000000, 0x0000000100000000)
  region size 1024K, 6 young (6144K), 6 survivors (6144K)
 Metaspace       used 134145K, capacity 138091K, committed 138444K, reserved 1169408K
  class space    used 16858K, capacity 18327K, committed 18432K, reserved 1048576K
}
Event: 2575.180 GC heap before
{Heap before GC invocations=139 (full 0):
 garbage-first heap   total 206848K, used 142260K [0x0000000080000000, 0x0000000100000000)
  region size 1024K, 10 young (10240K), 6 survivors (6144K)
 Metaspace       used 134202K, capacity 138091K, committed 138444K, reserved 1169408K
  class space    used 16866K, capacity 18327K, committed 18432K, reserved 1048576K
}
Event: 2575.216 GC heap after
{Heap after GC invocations=140 (full 0):
 garbage-first heap   total 206848K, used 138066K [0x0000000080000000, 0x0000000100000000)
  region size 1024K, 1 young (1024K), 1 survivors (1024K)
 Metaspace       used 134202K, capacity 138091K, committed 138444K, reserved 1169408K
  class space    used 16866K, capacity 18327K, committed 18432K, reserved 1048576K
}
Event: 2576.182 GC heap before
{Heap before GC invocations=140 (full 0):
 garbage-first heap   total 206848K, used 170834K [0x0000000080000000, 0x0000000100000000)
  region size 1024K, 33 young (33792K), 1 survivors (1024K)
 Metaspace       used 136044K, capacity 140144K, committed 140492K, reserved 1171456K
  class space    used 17113K, capacity 18578K, committed 18688K, reserved 1048576K
}
Event: 2576.193 GC heap after
{Heap after GC invocations=141 (full 0):
 garbage-first heap   total 206848K, used 139496K [0x0000000080000000, 0x0000000100000000)
  region size 1024K, 3 young (3072K), 3 survivors (3072K)
 Metaspace       used 136044K, capacity 140144K, committed 140492K, reserved 1171456K
  class space    used 17113K, capacity 18578K, committed 18688K, reserved 1048576K
}
Event: 2579.558 GC heap before
{Heap before GC invocations=142 (full 0):
 garbage-first heap   total 206848K, used 172264K [0x0000000080000000, 0x0000000100000000)
  region size 1024K, 35 young (35840K), 3 survivors (3072K)
 Metaspace       used 139506K, capacity 143559K, committed 143692K, reserved 1173504K
  class space    used 17464K, capacity 18967K, committed 19072K, reserved 1048576K
}
Event: 2579.571 GC heap after
{Heap after GC invocations=143 (full 0):
 garbage-first heap   total 206848K, used 140663K [0x0000000080000000, 0x0000000100000000)
  region size 1024K, 4 young (4096K), 4 survivors (4096K)
 Metaspace       used 139506K, capacity 143559K, committed 143692K, reserved 1173504K
  class space    used 17464K, capacity 18967K, committed 19072K, reserved 1048576K
}
Event: 2579.734 GC heap before
{Heap before GC invocations=143 (full 0):
 garbage-first heap   total 206848K, used 145783K [0x0000000080000000, 0x0000000100000000)
  region size 1024K, 10 young (10240K), 4 survivors (4096K)
 Metaspace       used 140637K, capacity 144679K, committed 144716K, reserved 1175552K
  class space    used 17570K, capacity 19063K, committed 19072K, reserved 1048576K
}
Event: 2579.768 GC heap after
{Heap after GC invocations=144 (full 0):
 garbage-first heap   total 206848K, used 140554K [0x0000000080000000, 0x0000000100000000)
  region size 1024K, 1 young (1024K), 1 survivors (1024K)
 Metaspace       used 140637K, capacity 144679K, committed 144716K, reserved 1175552K
  class space    used 17570K, capacity 19063K, committed 19072K, reserved 1048576K
}
Event: 2582.415 GC heap before
{Heap before GC invocations=144 (full 0):
 garbage-first heap   total 206848K, used 172298K [0x0000000080000000, 0x0000000100000000)
  region size 1024K, 33 young (33792K), 1 survivors (1024K)
 Metaspace       used 143736K, capacity 147817K, committed 148044K, reserved 1177600K
  class space    used 17967K, capacity 19464K, committed 19584K, reserved 1048576K
}
Event: 2582.447 GC heap after
{Heap after GC invocations=145 (full 0):
 garbage-first heap   total 206848K, used 143434K [0x0000000080000000, 0x0000000100000000)
  region size 1024K, 4 young (4096K), 4 survivors (4096K)
 Metaspace       used 143736K, capacity 147817K, committed 148044K, reserved 1177600K
  class space    used 17967K, capacity 19464K, committed 19584K, reserved 1048576K
}
Event: 2588.022 GC heap before
{Heap before GC invocations=146 (full 0):
 garbage-first heap   total 206848K, used 174154K [0x0000000080000000, 0x0000000100000000)
  region size 1024K, 34 young (34816K), 4 survivors (4096K)
 Metaspace       used 147313K, capacity 151421K, committed 151500K, reserved 1181696K
  class space    used 18392K, capacity 19916K, committed 19968K, reserved 1048576K
}
Event: 2588.049 GC heap after
{Heap after GC invocations=147 (full 0):
 garbage-first heap   total 206848K, used 146008K [0x0000000080000000, 0x0000000100000000)
  region size 1024K, 3 young (3072K), 3 survivors (3072K)
 Metaspace       used 147313K, capacity 151421K, committed 151500K, reserved 1181696K
  class space    used 18392K, capacity 19916K, committed 19968K, reserved 1048576K
}
Event: 2588.919 GC heap before
{Heap before GC invocations=147 (full 0):
 garbage-first heap   total 206848K, used 152152K [0x0000000080000000, 0x0000000100000000)
  region size 1024K, 10 young (10240K), 3 survivors (3072K)
 Metaspace       used 147435K, capacity 151573K, committed 151756K, reserved 1181696K
  class space    used 18394K, capacity 19920K, committed 19968K, reserved 1048576K
}
Event: 2588.948 GC heap after
{Heap after GC invocations=148 (full 0):
 garbage-first heap   total 206848K, used 146262K [0x0000000080000000, 0x0000000100000000)
  region size 1024K, 1 young (1024K), 1 survivors (1024K)
 Metaspace       used 147435K, capacity 151573K, committed 151756K, reserved 1181696K
  class space    used 18394K, capacity 19920K, committed 19968K, reserved 1048576K
}

